[13-May-2025 08:05:54 UTC] PHP Warning:  Attempt to read property "title" on null in C:\Users\MAA\Local Sites\tidslerne-redesign\app\public\wp-includes\class-wp-customize-widgets.php on line 926
[16-May-2025 13:04:14 UTC] PHP Fatal error:  Uncaught Error: Call to undefined function the_post_title() in C:\Users\MAA\Local Sites\tidslerne-redesign\app\public\wp-content\themes\tidslerne-redesign\index.php:44
Stack trace:
#0 C:\Users\MAA\Local Sites\tidslerne-redesign\app\public\wp-includes\template-loader.php(106): include()
#1 C:\Users\MAA\Local Sites\tidslerne-redesign\app\public\wp-blog-header.php(19): require_once('C:\\Users\\MAA\\Lo...')
#2 C:\Users\MAA\Local Sites\tidslerne-redesign\app\public\index.php(17): require('C:\\Users\\MAA\\Lo...')
#3 {main}
  thrown in C:\Users\MAA\Local Sites\tidslerne-redesign\app\public\wp-content\themes\tidslerne-redesign\index.php on line 44
[16-May-2025 13:04:14 UTC] PHP Fatal error:  Uncaught Error: Call to undefined function the_post_title() in C:\Users\MAA\Local Sites\tidslerne-redesign\app\public\wp-content\themes\tidslerne-redesign\index.php:44
Stack trace:
#0 C:\Users\MAA\Local Sites\tidslerne-redesign\app\public\wp-includes\template-loader.php(106): include()
#1 C:\Users\MAA\Local Sites\tidslerne-redesign\app\public\wp-blog-header.php(19): require_once('C:\\Users\\MAA\\Lo...')
#2 C:\Users\MAA\Local Sites\tidslerne-redesign\app\public\index.php(17): require('C:\\Users\\MAA\\Lo...')
#3 {main}
  thrown in C:\Users\MAA\Local Sites\tidslerne-redesign\app\public\wp-content\themes\tidslerne-redesign\index.php on line 44
[16-May-2025 13:23:00 UTC] PHP Parse error:  syntax error, unexpected single-quoted string "category_name", expecting ")" in C:\Users\MAA\Local Sites\tidslerne-redesign\app\public\wp-content\themes\tidslerne-redesign\index.php on line 12
[16-May-2025 13:23:08 UTC] PHP Parse error:  syntax error, unexpected single-quoted string "category_name", expecting ")" in C:\Users\MAA\Local Sites\tidslerne-redesign\app\public\wp-content\themes\tidslerne-redesign\index.php on line 12
[16-May-2025 13:23:58 UTC] PHP Parse error:  syntax error, unexpected single-quoted string "category_name", expecting ")" in C:\Users\MAA\Local Sites\tidslerne-redesign\app\public\wp-content\themes\tidslerne-redesign\index.php on line 12
[16-May-2025 13:24:08 UTC] PHP Parse error:  syntax error, unexpected single-quoted string "category_name", expecting ")" in C:\Users\MAA\Local Sites\tidslerne-redesign\app\public\wp-content\themes\tidslerne-redesign\index.php on line 12
[16-May-2025 13:41:51 UTC] PHP Warning:  Attempt to read property "term_id" on bool in C:\Users\MAA\Local Sites\tidslerne-redesign\app\public\wp-content\themes\tidslerne-redesign\header.php on line 58
[16-May-2025 13:41:52 UTC] PHP Warning:  Attempt to read property "term_id" on bool in C:\Users\MAA\Local Sites\tidslerne-redesign\app\public\wp-content\themes\tidslerne-redesign\header.php on line 58
